<?xml version="1.0" encoding="UTF-8"?>
<!-- Generated by org.testng.reporters.JUnitReportReporter -->
<testsuite skipped="0" hostname="LTSHMO" name="com.test.AutomationPractice" tests="1" failures="0" timestamp="27 Oct 2018 15:47:42 GMT" time="14.535" errors="0">
  <testcase name="testCase1" time="14.535" classname="com.test.AutomationPractice"/>
</testsuite> <!-- com.test.AutomationPractice -->
