<?xml version="1.0" encoding="UTF-8"?>
<!-- Generated by org.testng.reporters.JUnitReportReporter -->
<testsuite skipped="0" hostname="LTSHMO" name="com.revision.basics.ClassA" tests="1" failures="0" timestamp="26 Oct 2018 14:25:43 GMT" time="0.022" errors="0">
  <testcase name="method1" time="0.022" classname="com.revision.basics.ClassA"/>
</testsuite> <!-- com.revision.basics.ClassA -->
